Started GET "/" for 127.0.0.1 at 2019-03-29 10:32:06 +0100
  
LoadError (Could not load 'active_record/connection_adapters/sqlite3_adapter'. Make sure that the adapter in config/database.yml is valid. If you use an adapter other than 'mysql2', 'postgresql' or 'sqlite3' add the necessary adapter gem to the Gemfile.):
  
activesupport (5.1.3) lib/active_support/dependencies.rb:292:in `require'
activesupport (5.1.3) lib/active_support/dependencies.rb:292:in `block in require'
activesupport (5.1.3) lib/active_support/dependencies.rb:258:in `load_dependency'
activesupport (5.1.3) lib/active_support/dependencies.rb:292:in `require'
activerecord (5.1.3) lib/active_record/connection_adapters/sqlite3_adapter.rb:11:in `<top (required)>'
activesupport (5.1.3) lib/active_support/dependencies.rb:292:in `require'
activesupport (5.1.3) lib/active_support/dependencies.rb:292:in `block in require'
activesupport (5.1.3) lib/active_support/dependencies.rb:258:in `load_dependency'
activesupport (5.1.3) lib/active_support/dependencies.rb:292:in `require'
activerecord (5.1.3) lib/active_record/connection_adapters/connection_specification.rb:186:in `spec'
activerecord (5.1.3) lib/active_record/connection_adapters/abstract/connection_pool.rb:880:in `establish_connection'
activerecord (5.1.3) lib/active_record/connection_handling.rb:58:in `establish_connection'
activerecord (5.1.3) lib/active_record/railtie.rb:124:in `block (2 levels) in <class:Railtie>'
activesupport (5.1.3) lib/active_support/lazy_load_hooks.rb:45:in `instance_eval'
activesupport (5.1.3) lib/active_support/lazy_load_hooks.rb:45:in `execute_hook'
activesupport (5.1.3) lib/active_support/lazy_load_hooks.rb:52:in `block in run_load_hooks'
activesupport (5.1.3) lib/active_support/lazy_load_hooks.rb:51:in `each'
activesupport (5.1.3) lib/active_support/lazy_load_hooks.rb:51:in `run_load_hooks'
activerecord (5.1.3) lib/active_record/base.rb:326:in `<module:ActiveRecord>'
activerecord (5.1.3) lib/active_record/base.rb:25:in `<top (required)>'
activesupport (5.1.3) lib/active_support/dependencies.rb:292:in `require'
activesupport (5.1.3) lib/active_support/dependencies.rb:292:in `block in require'
activesupport (5.1.3) lib/active_support/dependencies.rb:258:in `load_dependency'
activesupport (5.1.3) lib/active_support/dependencies.rb:292:in `require'
activerecord (5.1.3) lib/active_record/migration.rb:562:in `connection'
activerecord (5.1.3) lib/active_record/migration.rb:553:in `call'
actionpack (5.1.3) lib/action_dispatch/middleware/callbacks.rb:26:in `block in call'
activesupport (5.1.3) lib/active_support/callbacks.rb:97:in `run_callbacks'
actionpack (5.1.3) lib/action_dispatch/middleware/callbacks.rb:24:in `call'
actionpack (5.1.3) lib/action_dispatch/middleware/executor.rb:12:in `call'
actionpack (5.1.3) lib/action_dispatch/middleware/debug_exceptions.rb:59:in `call'
web-console (3.5.1) lib/web_console/middleware.rb:135:in `call_app'
web-console (3.5.1) lib/web_console/middleware.rb:28:in `block in call'
web-console (3.5.1) lib/web_console/middleware.rb:18:in `catch'
web-console (3.5.1) lib/web_console/middleware.rb:18:in `call'
actionpack (5.1.3) lib/action_dispatch/middleware/show_exceptions.rb:31:in `call'
railties (5.1.3) lib/rails/rack/logger.rb:36:in `call_app'
railties (5.1.3) lib/rails/rack/logger.rb:24:in `block in call'
activesupport (5.1.3) lib/active_support/tagged_logging.rb:69:in `block in tagged'
activesupport (5.1.3) lib/active_support/tagged_logging.rb:26:in `tagged'
activesupport (5.1.3) lib/active_support/tagged_logging.rb:69:in `tagged'
railties (5.1.3) lib/rails/rack/logger.rb:24:in `call'
sprockets-rails (3.2.1) lib/sprockets/rails/quiet_assets.rb:13:in `call'
actionpack (5.1.3) lib/action_dispatch/middleware/remote_ip.rb:79:in `call'
actionpack (5.1.3) lib/action_dispatch/middleware/request_id.rb:25:in `call'
rack (2.0.3) lib/rack/method_override.rb:22:in `call'
rack (2.0.3) lib/rack/runtime.rb:22:in `call'
activesupport (5.1.3) lib/active_support/cache/strategy/local_cache_middleware.rb:27:in `call'
actionpack (5.1.3) lib/action_dispatch/middleware/executor.rb:12:in `call'
actionpack (5.1.3) lib/action_dispatch/middleware/static.rb:125:in `call'
rack (2.0.3) lib/rack/sendfile.rb:111:in `call'
railties (5.1.3) lib/rails/engine.rb:522:in `call'
puma (3.10.0) lib/puma/configuration.rb:225:in `call'
puma (3.10.0) lib/puma/server.rb:605:in `handle_request'
puma (3.10.0) lib/puma/server.rb:437:in `process_client'
puma (3.10.0) lib/puma/server.rb:301:in `block in run'
puma (3.10.0) lib/puma/thread_pool.rb:120:in `block in spawn_thread'
  [1m[35m (0.0ms)[0m  [1m[35mDROP TABLE IF EXISTS "accounts"[0m
  [1m[35m (0.0ms)[0m  [1m[34mSELECT sqlite_version(*)[0m
  [1m[35m (27.4ms)[0m  [1m[35mCREATE TABLE "accounts" ("id" INTEGER PRIMARY KEY AUTOINCREMENT NOT NULL, "email" varchar, "password_digest" varchar, "created_at" datetime NOT NULL, "updated_at" datetime NOT NULL)[0m
  [1m[35m (0.0ms)[0m  [1m[35mDROP TABLE IF EXISTS "addresses"[0m
  [1m[35m (12.7ms)[0m  [1m[35mCREATE TABLE "addresses" ("id" INTEGER PRIMARY KEY AUTOINCREMENT NOT NULL, "account_id" integer, "street" varchar, "house_number" varchar, "postcode" varchar, "confirmed" boolean, "created_at" datetime NOT NULL, "updated_at" datetime NOT NULL)[0m
  [1m[35m (6.7ms)[0m  [1m[35mCREATE  INDEX "index_addresses_on_account_id" ON "addresses" ("account_id")[0m
  [1m[35m (0.0ms)[0m  [1m[35mDROP TABLE IF EXISTS "profiles"[0m
  [1m[35m (18.9ms)[0m  [1m[35mCREATE TABLE "profiles" ("id" INTEGER PRIMARY KEY AUTOINCREMENT NOT NULL, "account_id" integer, "name" varchar, "surname" varchar, "date_of_birth" date, "confirmed" boolean, "created_at" datetime NOT NULL, "updated_at" datetime NOT NULL)[0m
  [1m[35m (17.7ms)[0m  [1m[35mCREATE  INDEX "index_profiles_on_account_id" ON "profiles" ("account_id")[0m
  [1m[35m (6.8ms)[0m  [1m[35mCREATE TABLE "schema_migrations" ("version" varchar NOT NULL PRIMARY KEY)[0m
  [1m[35m (0.0ms)[0m  [1m[34mSELECT "schema_migrations"."version" FROM "schema_migrations" ORDER BY "schema_migrations"."version" ASC[0m
  [1m[35m (6.2ms)[0m  [1m[32mINSERT INTO "schema_migrations" (version) VALUES (20170905155207)[0m
  [1m[35m (24.2ms)[0m  [1m[32mINSERT INTO "schema_migrations" (version) VALUES
(20170905155019),
(20170905155139);

[0m
  [1m[35m (11.7ms)[0m  [1m[35mCREATE TABLE "ar_internal_metadata" ("key" varchar NOT NULL PRIMARY KEY, "value" varchar, "created_at" datetime NOT NULL, "updated_at" datetime NOT NULL)[0m
  [1m[36mActiveRecord::InternalMetadata Load (0.0ms)[0m  [1m[34mSELECT  "ar_internal_metadata".* FROM "ar_internal_metadata" WHERE "ar_internal_metadata"."key" = ? LIMIT ?[0m  [["key", "environment"], ["LIMIT", 1]]
  [1m[35m (0.0ms)[0m  [1m[36mbegin transaction[0m
  [1m[35mSQL (1.0ms)[0m  [1m[32mINSERT INTO "ar_internal_metadata" ("key", "value", "created_at", "updated_at") VALUES (?, ?, ?, ?)[0m  [["key", "environment"], ["value", "development"], ["created_at", "2019-03-29 10:36:20.568883"], ["updated_at", "2019-03-29 10:36:20.568883"]]
  [1m[35m (5.2ms)[0m  [1m[36mcommit transaction[0m
  [1m[36mActiveRecord::InternalMetadata Load (0.0ms)[0m  [1m[34mSELECT  "ar_internal_metadata".* FROM "ar_internal_metadata" WHERE "ar_internal_metadata"."key" = ? LIMIT ?[0m  [["key", "environment"], ["LIMIT", 1]]
  [1m[35m (0.0ms)[0m  [1m[36mbegin transaction[0m
  [1m[35m (0.0ms)[0m  [1m[36mcommit transaction[0m
  [1m[35m (0.0ms)[0m  [1m[35mDROP TABLE IF EXISTS "accounts"[0m
  [1m[35m (0.0ms)[0m  [1m[34mSELECT sqlite_version(*)[0m
  [1m[35m (32.2ms)[0m  [1m[35mCREATE TABLE "accounts" ("id" INTEGER PRIMARY KEY AUTOINCREMENT NOT NULL, "email" varchar, "password_digest" varchar, "created_at" datetime NOT NULL, "updated_at" datetime NOT NULL)[0m
  [1m[35m (0.0ms)[0m  [1m[35mDROP TABLE IF EXISTS "addresses"[0m
  [1m[35m (8.1ms)[0m  [1m[35mCREATE TABLE "addresses" ("id" INTEGER PRIMARY KEY AUTOINCREMENT NOT NULL, "account_id" integer, "street" varchar, "house_number" varchar, "postcode" varchar, "confirmed" boolean, "created_at" datetime NOT NULL, "updated_at" datetime NOT NULL)[0m
  [1m[35m (8.4ms)[0m  [1m[35mCREATE  INDEX "index_addresses_on_account_id" ON "addresses" ("account_id")[0m
  [1m[35m (1.0ms)[0m  [1m[35mDROP TABLE IF EXISTS "profiles"[0m
  [1m[35m (19.9ms)[0m  [1m[35mCREATE TABLE "profiles" ("id" INTEGER PRIMARY KEY AUTOINCREMENT NOT NULL, "account_id" integer, "name" varchar, "surname" varchar, "date_of_birth" date, "confirmed" boolean, "created_at" datetime NOT NULL, "updated_at" datetime NOT NULL)[0m
  [1m[35m (19.7ms)[0m  [1m[35mCREATE  INDEX "index_profiles_on_account_id" ON "profiles" ("account_id")[0m
  [1m[35m (7.6ms)[0m  [1m[35mCREATE TABLE "schema_migrations" ("version" varchar NOT NULL PRIMARY KEY)[0m
  [1m[35m (0.0ms)[0m  [1m[34mSELECT "schema_migrations"."version" FROM "schema_migrations" ORDER BY "schema_migrations"."version" ASC[0m
  [1m[35m (23.8ms)[0m  [1m[32mINSERT INTO "schema_migrations" (version) VALUES (20170905155207)[0m
  [1m[35m (18.9ms)[0m  [1m[32mINSERT INTO "schema_migrations" (version) VALUES
(20170905155019),
(20170905155139);

[0m
  [1m[35m (8.2ms)[0m  [1m[35mCREATE TABLE "ar_internal_metadata" ("key" varchar NOT NULL PRIMARY KEY, "value" varchar, "created_at" datetime NOT NULL, "updated_at" datetime NOT NULL)[0m
  [1m[36mActiveRecord::InternalMetadata Load (0.0ms)[0m  [1m[34mSELECT  "ar_internal_metadata".* FROM "ar_internal_metadata" WHERE "ar_internal_metadata"."key" = ? LIMIT ?[0m  [["key", "environment"], ["LIMIT", 1]]
  [1m[35m (0.0ms)[0m  [1m[36mbegin transaction[0m
  [1m[35mSQL (1.8ms)[0m  [1m[32mINSERT INTO "ar_internal_metadata" ("key", "value", "created_at", "updated_at") VALUES (?, ?, ?, ?)[0m  [["key", "environment"], ["value", "development"], ["created_at", "2019-03-29 10:36:20.763267"], ["updated_at", "2019-03-29 10:36:20.763267"]]
  [1m[35m (5.1ms)[0m  [1m[36mcommit transaction[0m
  [1m[36mActiveRecord::InternalMetadata Load (0.0ms)[0m  [1m[34mSELECT  "ar_internal_metadata".* FROM "ar_internal_metadata" WHERE "ar_internal_metadata"."key" = ? LIMIT ?[0m  [["key", "environment"], ["LIMIT", 1]]
  [1m[35m (0.0ms)[0m  [1m[36mbegin transaction[0m
  [1m[35m (0.0ms)[0m  [1m[36mcommit transaction[0m
  [1m[35m (0.0ms)[0m  [1m[34mSELECT "schema_migrations"."version" FROM "schema_migrations" ORDER BY "schema_migrations"."version" ASC[0m
Started GET "/" for 127.0.0.1 at 2019-03-29 11:37:04 +0100
  [1m[35m (0.0ms)[0m  [1m[34mSELECT "schema_migrations"."version" FROM "schema_migrations" ORDER BY "schema_migrations"."version" ASC[0m
Processing by AccountsController#show as HTML
  [1m[36mAccount Load (0.0ms)[0m  [1m[34mSELECT  "accounts".* FROM "accounts" WHERE "accounts"."id" IS NULL LIMIT ?[0m  [["LIMIT", 1]]
Redirected to http://localhost:3000/sign_in
Filter chain halted as :authenticate! rendered or redirected
Completed 302 Found in 20ms (ActiveRecord: 1.0ms)


Started GET "/sign_in" for 127.0.0.1 at 2019-03-29 11:37:05 +0100
Processing by SessionsController#new as HTML
  Rendering sessions/new.html.erb within layouts/application
  Rendered sessions/new.html.erb within layouts/application (35.7ms)
Completed 500 Internal Server Error in 1298ms (ActiveRecord: 1.2ms)


  
ActionView::Template::Error (TypeError: Object doesn't support this property or method):
    4:     <title>DdySmall</title>
    5:     <%= csrf_meta_tags %>
    6: 
    7:     <%= stylesheet_link_tag    'application', media: 'all', 'data-turbolinks-track': 'reload' %>
    8:     <%= javascript_include_tag 'application', 'data-turbolinks-track': 'reload' %>
    9:   </head>
   10: 
  
app/views/layouts/application.html.erb:7:in `_app_views_layouts_application_html_erb__605901568_48206020'
Started GET "/sign_in" for 127.0.0.1 at 2019-03-31 16:03:46 +0200
Processing by SessionsController#new as HTML
  Rendering sessions/new.html.erb within layouts/application
  Rendered sessions/new.html.erb within layouts/application (2.0ms)
Completed 500 Internal Server Error in 563ms (ActiveRecord: 0.0ms)


  
ActionView::Template::Error (TypeError: Object doesn't support this property or method):
    4:     <title>DdySmall</title>
    5:     <%= csrf_meta_tags %>
    6: 
    7:     <%= stylesheet_link_tag    'application', media: 'all', 'data-turbolinks-track': 'reload' %>
    8:     <%= javascript_include_tag 'application', 'data-turbolinks-track': 'reload' %>
    9:   </head>
   10: 
  
app/views/layouts/application.html.erb:7:in `_app_views_layouts_application_html_erb__605901568_114236860'
Started GET "/sign_in" for 127.0.0.1 at 2019-03-31 16:07:49 +0200
  [1m[35m (0.0ms)[0m  [1m[34mSELECT "schema_migrations"."version" FROM "schema_migrations" ORDER BY "schema_migrations"."version" ASC[0m
Processing by SessionsController#new as HTML
  Rendering sessions/new.html.erb within layouts/application
  Rendered sessions/new.html.erb within layouts/application (89.6ms)
Completed 500 Internal Server Error in 1293ms (ActiveRecord: 4.2ms)


  
ActionView::Template::Error (TypeError: Object doesn't support this property or method):
    4:     <title>DdySmall</title>
    5:     <%= csrf_meta_tags %>
    6: 
    7:     <%= stylesheet_link_tag    'application', media: 'all', 'data-turbolinks-track': 'reload' %>
    8:     <%= javascript_include_tag 'application', 'data-turbolinks-track': 'reload' %>
    9:   </head>
   10: 
  
app/views/layouts/application.html.erb:7:in `_app_views_layouts_application_html_erb__664271035_56795900'
Started GET "/" for 127.0.0.1 at 2019-03-31 16:08:00 +0200
Processing by AccountsController#show as HTML
  [1m[36mAccount Load (0.0ms)[0m  [1m[34mSELECT  "accounts".* FROM "accounts" WHERE "accounts"."id" IS NULL LIMIT ?[0m  [["LIMIT", 1]]
Redirected to http://localhost:3000/sign_in
Filter chain halted as :authenticate! rendered or redirected
Completed 302 Found in 10ms (ActiveRecord: 0.0ms)


Started GET "/sign_in" for 127.0.0.1 at 2019-03-31 16:08:03 +0200
Processing by SessionsController#new as HTML
  Rendering sessions/new.html.erb within layouts/application
  Rendered sessions/new.html.erb within layouts/application (2.7ms)
Completed 500 Internal Server Error in 564ms (ActiveRecord: 0.0ms)


  
ActionView::Template::Error (TypeError: Object doesn't support this property or method):
    4:     <title>DdySmall</title>
    5:     <%= csrf_meta_tags %>
    6: 
    7:     <%= stylesheet_link_tag    'application', media: 'all', 'data-turbolinks-track': 'reload' %>
    8:     <%= javascript_include_tag 'application', 'data-turbolinks-track': 'reload' %>
    9:   </head>
   10: 
  
app/views/layouts/application.html.erb:7:in `_app_views_layouts_application_html_erb__664271035_55743960'
Started GET "/" for 127.0.0.1 at 2019-03-31 16:20:01 +0200
  [1m[35m (1.0ms)[0m  [1m[34mSELECT "schema_migrations"."version" FROM "schema_migrations" ORDER BY "schema_migrations"."version" ASC[0m
Processing by AccountsController#show as HTML
  [1m[36mAccount Load (0.0ms)[0m  [1m[34mSELECT  "accounts".* FROM "accounts" WHERE "accounts"."id" IS NULL LIMIT ?[0m  [["LIMIT", 1]]
Redirected to http://localhost:3000/sign_in
Filter chain halted as :authenticate! rendered or redirected
Completed 302 Found in 82ms (ActiveRecord: 1.0ms)


Started GET "/sign_in" for 127.0.0.1 at 2019-03-31 16:20:02 +0200
Processing by SessionsController#new as HTML
  Rendering sessions/new.html.erb within layouts/application
  Rendered sessions/new.html.erb within layouts/application (39.2ms)
Completed 200 OK in 180ms (Views: 138.1ms | ActiveRecord: 1.0ms)


Started GET "/register" for 127.0.0.1 at 2019-03-31 16:21:01 +0200
Processing by AccountsController#new as HTML
  Rendering accounts/new.html.erb within layouts/application
  Rendered accounts/_form.html.erb (3.5ms)
  Rendered accounts/new.html.erb within layouts/application (45.5ms)
Completed 200 OK in 194ms (Views: 148.0ms | ActiveRecord: 0.0ms)


Started GET "/register" for 127.0.0.1 at 2019-03-31 16:27:35 +0200
Processing by AccountsController#new as HTML
  Rendering accounts/new.html.erb within layouts/application
  Rendered accounts/_form.html.erb (6.3ms)
  Rendered accounts/new.html.erb within layouts/application (38.5ms)
Completed 200 OK in 172ms (Views: 138.0ms | ActiveRecord: 0.0ms)


Started POST "/register" for 127.0.0.1 at 2019-03-31 16:27:48 +0200
Processing by AccountsController#create as HTML
  Parameters: {"utf8"=>"✓", "authenticity_token"=>"Sw3I+vQ0NbQs1VoT0Jh7mL3ARBESYpjwl5TVVfR2XO7lDs7/d3wOOdR37S8p2afypYV459EX0icKM49lD8cCIg==", "account"=>{"email"=>"deepti.terala@gmail.com", "password"=>"[FILTERED]"}, "commit"=>"Create Account"}
  [1m[35m (0.0ms)[0m  [1m[36mbegin transaction[0m
  [1m[36mAccount Exists (2.7ms)[0m  [1m[34mSELECT  1 AS one FROM "accounts" WHERE "accounts"."email" = ? LIMIT ?[0m  [["email", "deepti.terala@gmail.com"], ["LIMIT", 1]]
  [1m[35mSQL (5.6ms)[0m  [1m[32mINSERT INTO "accounts" ("email", "password_digest", "created_at", "updated_at") VALUES (?, ?, ?, ?)[0m  [["email", "deepti.terala@gmail.com"], ["password_digest", "$2a$12$JImNgp5JbXkrRR.xB.LiZOuav6iNPKv6XWqdeiFJ0J6tIYu7GQFZm"], ["created_at", "2019-03-31 14:27:48.622036"], ["updated_at", "2019-03-31 14:27:48.622036"]]
  [1m[35m (4.4ms)[0m  [1m[36mcommit transaction[0m
Redirected to http://localhost:3000/profiles/new
Completed 302 Found in 546ms (ActiveRecord: 12.6ms)


Started GET "/profiles/new" for 127.0.0.1 at 2019-03-31 16:27:48 +0200
Processing by ProfilesController#new as HTML
  [1m[36mAccount Load (2.1ms)[0m  [1m[34mSELECT  "accounts".* FROM "accounts" WHERE "accounts"."id" = ? LIMIT ?[0m  [["id", 1], ["LIMIT", 1]]
  Rendering profiles/new.html.erb within layouts/application
  Rendered profiles/_form.html.erb (12.1ms)
  Rendered profiles/new.html.erb within layouts/application (45.6ms)
Completed 200 OK in 232ms (Views: 146.8ms | ActiveRecord: 6.2ms)


Started POST "/profiles" for 127.0.0.1 at 2019-03-31 16:28:18 +0200
Processing by ProfilesController#create as HTML
  Parameters: {"utf8"=>"✓", "authenticity_token"=>"FRKF3PNkiGXMsVrD+QLqlAi6+8mg6gIuLyhfK0PdnedZO/Y9C1+UoQdCiWWKznGk0LzRs7BhmNysEKhquDkGbg==", "profile"=>{"name"=>"deepti", "surname"=>"Terala", "date_of_birth(1i)"=>"2014", "date_of_birth(2i)"=>"2", "date_of_birth(3i)"=>"31"}, "commit"=>"Create Profile"}
  [1m[36mAccount Load (1.3ms)[0m  [1m[34mSELECT  "accounts".* FROM "accounts" WHERE "accounts"."id" = ? LIMIT ?[0m  [["id", 1], ["LIMIT", 1]]
  [1m[35m (0.0ms)[0m  [1m[36mbegin transaction[0m
  [1m[35mSQL (3.2ms)[0m  [1m[32mINSERT INTO "profiles" ("account_id", "name", "surname", "date_of_birth", "created_at", "updated_at") VALUES (?, ?, ?, ?, ?, ?)[0m  [["account_id", 1], ["name", "deepti"], ["surname", "Terala"], ["date_of_birth", "2014-03-03"], ["created_at", "2019-03-31 14:28:18.763148"], ["updated_at", "2019-03-31 14:28:18.763148"]]
  [1m[35m (4.5ms)[0m  [1m[36mcommit transaction[0m
Redirected to http://localhost:3000/addresses/new
Completed 302 Found in 84ms (ActiveRecord: 8.9ms)


Started GET "/addresses/new" for 127.0.0.1 at 2019-03-31 16:28:18 +0200
Processing by AddressesController#new as HTML
  [1m[36mAccount Load (1.0ms)[0m  [1m[34mSELECT  "accounts".* FROM "accounts" WHERE "accounts"."id" = ? LIMIT ?[0m  [["id", 1], ["LIMIT", 1]]
  Rendering addresses/new.html.erb within layouts/application
  Rendered addresses/_form.html.erb (6.4ms)
  Rendered addresses/new.html.erb within layouts/application (42.4ms)
Completed 200 OK in 210ms (Views: 146.5ms | ActiveRecord: 2.0ms)


Started POST "/addresses" for 127.0.0.1 at 2019-03-31 16:28:30 +0200
Processing by AddressesController#create as HTML
  Parameters: {"utf8"=>"✓", "authenticity_token"=>"XvshUXBRbeWRcf0w8pPWfZP0/97gTluCUEc5jga5UBrgY3+BYLucLY/xQsqMEXNVFZVzORjDXPQIPCNp4DB6uA==", "address"=>{"account_id"=>"1", "street"=>"Den Bosch", "house_number"=>"20", "postcode"=>"5237KH"}, "commit"=>"Create Address"}
  [1m[36mAccount Load (1.0ms)[0m  [1m[34mSELECT  "accounts".* FROM "accounts" WHERE "accounts"."id" = ? LIMIT ?[0m  [["id", 1], ["LIMIT", 1]]
  [1m[35m (0.0ms)[0m  [1m[36mbegin transaction[0m
  [1m[36mCACHE Account Load (0.0ms)[0m  [1m[34mSELECT  "accounts".* FROM "accounts" WHERE "accounts"."id" = ? LIMIT ?[0m  [["id", 1], ["LIMIT", 1]]
  [1m[35mSQL (1.4ms)[0m  [1m[32mINSERT INTO "addresses" ("account_id", "street", "house_number", "postcode", "created_at", "updated_at") VALUES (?, ?, ?, ?, ?, ?)[0m  [["account_id", 1], ["street", "Den Bosch"], ["house_number", "20"], ["postcode", "5237KH"], ["created_at", "2019-03-31 14:28:30.124196"], ["updated_at", "2019-03-31 14:28:30.124196"]]
  [1m[35m (16.1ms)[0m  [1m[36mcommit transaction[0m
Redirected to http://localhost:3000/confirmations/new
Completed 302 Found in 45ms (ActiveRecord: 18.5ms)


Started GET "/confirmations/new" for 127.0.0.1 at 2019-03-31 16:28:30 +0200
Processing by ConfirmationsController#new as HTML
  [1m[36mAccount Load (0.0ms)[0m  [1m[34mSELECT  "accounts".* FROM "accounts" WHERE "accounts"."id" = ? LIMIT ?[0m  [["id", 1], ["LIMIT", 1]]
  Rendering confirmations/new.html.erb within layouts/application
  [1m[36mProfile Load (0.0ms)[0m  [1m[34mSELECT "profiles".* FROM "profiles" WHERE "profiles"."account_id" = ?[0m  [["account_id", 1]]
  [1m[36mAddress Load (0.0ms)[0m  [1m[34mSELECT "addresses".* FROM "addresses" WHERE "addresses"."account_id" = ?[0m  [["account_id", 1]]
  Rendered confirmations/new.html.erb within layouts/application (16.1ms)
Completed 200 OK in 164ms (Views: 118.4ms | ActiveRecord: 0.0ms)


Started POST "/confirmations" for 127.0.0.1 at 2019-03-31 16:28:36 +0200
Processing by ConfirmationsController#create as HTML
  Parameters: {"utf8"=>"✓", "authenticity_token"=>"ajNohGbe5JhPdBYPzEsiu/a1Q7HuelptC5YXL7DhrhZYn2tq8Wiuyjeo0cNPJ3GKVVA2XUy59WQ+7pz+na7FKA==", "commit"=>"Confirm"}
  [1m[36mAccount Load (0.0ms)[0m  [1m[34mSELECT  "accounts".* FROM "accounts" WHERE "accounts"."id" = ? LIMIT ?[0m  [["id", 1], ["LIMIT", 1]]
  [1m[35mSQL (9.7ms)[0m  [1m[33mUPDATE "profiles" SET "confirmed" = 't' WHERE "profiles"."account_id" = ?[0m  [["account_id", 1]]
  [1m[35mSQL (5.2ms)[0m  [1m[33mUPDATE "addresses" SET "confirmed" = 't' WHERE "addresses"."account_id" = ?[0m  [["account_id", 1]]
Redirected to http://localhost:3000/
Completed 302 Found in 29ms (ActiveRecord: 15.0ms)


Started GET "/" for 127.0.0.1 at 2019-03-31 16:28:36 +0200
Processing by AccountsController#show as HTML
  [1m[36mAccount Load (0.0ms)[0m  [1m[34mSELECT  "accounts".* FROM "accounts" WHERE "accounts"."id" = ? LIMIT ?[0m  [["id", 1], ["LIMIT", 1]]
  Rendering accounts/show.html.erb within layouts/application
  [1m[36mProfile Load (0.0ms)[0m  [1m[34mSELECT "profiles".* FROM "profiles" WHERE "profiles"."account_id" = ?[0m  [["account_id", 1]]
  [1m[36mAddress Load (1.0ms)[0m  [1m[34mSELECT "addresses".* FROM "addresses" WHERE "addresses"."account_id" = ?[0m  [["account_id", 1]]
  Rendered accounts/show.html.erb within layouts/application (10.3ms)
Completed 200 OK in 153ms (Views: 109.8ms | ActiveRecord: 1.0ms)


Started GET "/sign_out" for 127.0.0.1 at 2019-03-31 16:28:44 +0200
Processing by SessionsController#destroy as HTML
  [1m[36mAccount Load (1.0ms)[0m  [1m[34mSELECT  "accounts".* FROM "accounts" WHERE "accounts"."id" = ? LIMIT ?[0m  [["id", 1], ["LIMIT", 1]]
Redirected to http://localhost:3000/
Completed 302 Found in 5ms (ActiveRecord: 1.0ms)


Started GET "/" for 127.0.0.1 at 2019-03-31 16:28:45 +0200
Processing by AccountsController#show as HTML
  [1m[36mAccount Load (0.0ms)[0m  [1m[34mSELECT  "accounts".* FROM "accounts" WHERE "accounts"."id" IS NULL LIMIT ?[0m  [["LIMIT", 1]]
Redirected to http://localhost:3000/sign_in
Filter chain halted as :authenticate! rendered or redirected
Completed 302 Found in 7ms (ActiveRecord: 0.0ms)


Started GET "/sign_in" for 127.0.0.1 at 2019-03-31 16:28:45 +0200
Processing by SessionsController#new as HTML
  Rendering sessions/new.html.erb within layouts/application
  Rendered sessions/new.html.erb within layouts/application (3.0ms)
Completed 200 OK in 140ms (Views: 106.0ms | ActiveRecord: 0.0ms)


Started POST "/sign_in" for 127.0.0.1 at 2019-03-31 16:28:57 +0200
Processing by SessionsController#create as HTML
  Parameters: {"utf8"=>"✓", "authenticity_token"=>"/soY2ZHdft6TTny/xr3cgyPFeZNxGVD2otMFlqsmYTUY6JFLwllBwPoqa2FN29Nz4U/T7oVl2dc7/E/5bQ8i5Q==", "account"=>{"email"=>"deepti.terala@gmail.com", "password"=>"[FILTERED]"}, "commit"=>"Sign in"}
  [1m[36mAccount Load (0.6ms)[0m  [1m[34mSELECT  "accounts".* FROM "accounts" WHERE "accounts"."email" = ? LIMIT ?[0m  [["email", "deepti.terala@gmail.com"], ["LIMIT", 1]]
Redirected to http://localhost:3000/
Completed 302 Found in 519ms (ActiveRecord: 0.6ms)


Started GET "/" for 127.0.0.1 at 2019-03-31 16:28:58 +0200
Processing by AccountsController#show as HTML
  [1m[36mAccount Load (0.0ms)[0m  [1m[34mSELECT  "accounts".* FROM "accounts" WHERE "accounts"."id" = ? LIMIT ?[0m  [["id", 1], ["LIMIT", 1]]
  Rendering accounts/show.html.erb within layouts/application
  [1m[36mProfile Load (0.0ms)[0m  [1m[34mSELECT "profiles".* FROM "profiles" WHERE "profiles"."account_id" = ?[0m  [["account_id", 1]]
  [1m[36mAddress Load (0.0ms)[0m  [1m[34mSELECT "addresses".* FROM "addresses" WHERE "addresses"."account_id" = ?[0m  [["account_id", 1]]
  Rendered accounts/show.html.erb within layouts/application (13.3ms)
Completed 200 OK in 187ms (Views: 150.4ms | ActiveRecord: 0.0ms)


Started GET "/sign_out" for 127.0.0.1 at 2019-03-31 16:29:02 +0200
Processing by SessionsController#destroy as HTML
  [1m[36mAccount Load (1.0ms)[0m  [1m[34mSELECT  "accounts".* FROM "accounts" WHERE "accounts"."id" = ? LIMIT ?[0m  [["id", 1], ["LIMIT", 1]]
Redirected to http://localhost:3000/
Completed 302 Found in 5ms (ActiveRecord: 1.0ms)


Started GET "/" for 127.0.0.1 at 2019-03-31 16:29:02 +0200
Processing by AccountsController#show as HTML
  [1m[36mAccount Load (0.0ms)[0m  [1m[34mSELECT  "accounts".* FROM "accounts" WHERE "accounts"."id" IS NULL LIMIT ?[0m  [["LIMIT", 1]]
Redirected to http://localhost:3000/sign_in
Filter chain halted as :authenticate! rendered or redirected
Completed 302 Found in 5ms (ActiveRecord: 0.0ms)


Started GET "/sign_in" for 127.0.0.1 at 2019-03-31 16:29:02 +0200
Processing by SessionsController#new as HTML
  Rendering sessions/new.html.erb within layouts/application
  Rendered sessions/new.html.erb within layouts/application (3.0ms)
Completed 200 OK in 141ms (Views: 106.3ms | ActiveRecord: 0.0ms)


Started GET "/" for 127.0.0.1 at 2019-04-01 03:22:10 +0200
  [1m[35m (0.0ms)[0m  [1m[34mSELECT "schema_migrations"."version" FROM "schema_migrations" ORDER BY "schema_migrations"."version" ASC[0m
Processing by AccountsController#show as HTML
  [1m[36mAccount Load (0.0ms)[0m  [1m[34mSELECT  "accounts".* FROM "accounts" WHERE "accounts"."id" IS NULL LIMIT ?[0m  [["LIMIT", 1]]
Redirected to http://localhost:3000/sign_in
Filter chain halted as :authenticate! rendered or redirected
Completed 302 Found in 18ms (ActiveRecord: 0.0ms)


Started GET "/sign_in" for 127.0.0.1 at 2019-04-01 03:22:12 +0200
Processing by SessionsController#new as HTML
Started GET "/sign_in" for 127.0.0.1 at 2019-04-01 03:22:12 +0200
Processing by SessionsController#new as HTML
  Rendering sessions/new.html.erb within layouts/application
  Rendering sessions/new.html.erb within layouts/application
  Rendered sessions/new.html.erb within layouts/application (31.0ms)
  Rendered sessions/new.html.erb within layouts/application (29.0ms)
Completed 200 OK in 159ms (Views: 122.9ms | ActiveRecord: 0.0ms)


Completed 200 OK in 141ms (Views: 124.3ms | ActiveRecord: 0.0ms)


Started GET "/" for 127.0.0.1 at 2019-04-01 08:05:55 +0200
  [1m[35m (1.0ms)[0m  [1m[34mSELECT "schema_migrations"."version" FROM "schema_migrations" ORDER BY "schema_migrations"."version" ASC[0m
Processing by AccountsController#show as HTML
  [1m[36mAccount Load (0.0ms)[0m  [1m[34mSELECT  "accounts".* FROM "accounts" WHERE "accounts"."id" IS NULL LIMIT ?[0m  [["LIMIT", 1]]
Redirected to http://localhost:3000/sign_in
Filter chain halted as :authenticate! rendered or redirected
Completed 302 Found in 22ms (ActiveRecord: 1.0ms)


Started GET "/sign_in" for 127.0.0.1 at 2019-04-01 08:05:56 +0200
Processing by SessionsController#new as HTML
  Rendering sessions/new.html.erb within layouts/application
  Rendered sessions/new.html.erb within layouts/application (26.2ms)
Completed 200 OK in 106ms (Views: 83.0ms | ActiveRecord: 1.0ms)


Started POST "/sign_in" for 127.0.0.1 at 2019-04-01 08:06:49 +0200
Processing by SessionsController#create as HTML
  Parameters: {"utf8"=>"✓", "authenticity_token"=>"8F8QTjpiXPQI9KrszXjW+ij2KeCoWFBWYZaLStc7zcxoeO3l9r2UHkoUAsvSB/IG18EBflQYIxiE4MayVXyIPQ==", "account"=>{"email"=>"deepti.terala@gmail.com", "password"=>"[FILTERED]"}, "commit"=>"Sign in"}
  [1m[36mAccount Load (0.0ms)[0m  [1m[34mSELECT  "accounts".* FROM "accounts" WHERE "accounts"."email" = ? LIMIT ?[0m  [["email", "deepti.terala@gmail.com"], ["LIMIT", 1]]
Redirected to http://localhost:3000/
Completed 302 Found in 539ms (ActiveRecord: 0.0ms)


Started GET "/" for 127.0.0.1 at 2019-04-01 08:06:50 +0200
Processing by AccountsController#show as HTML
  [1m[36mAccount Load (0.0ms)[0m  [1m[34mSELECT  "accounts".* FROM "accounts" WHERE "accounts"."id" = ? LIMIT ?[0m  [["id", 1], ["LIMIT", 1]]
  Rendering accounts/show.html.erb within layouts/application
  [1m[36mProfile Load (0.0ms)[0m  [1m[34mSELECT "profiles".* FROM "profiles" WHERE "profiles"."account_id" = ?[0m  [["account_id", 1]]
  [1m[36mAddress Load (0.0ms)[0m  [1m[34mSELECT "addresses".* FROM "addresses" WHERE "addresses"."account_id" = ?[0m  [["account_id", 1]]
  Rendered accounts/show.html.erb within layouts/application (123.2ms)
Completed 200 OK in 263ms (Views: 222.1ms | ActiveRecord: 3.3ms)


Started GET "/sign_in" for 127.0.0.1 at 2019-04-01 08:23:31 +0200
  [1m[35m (0.0ms)[0m  [1m[34mSELECT "schema_migrations"."version" FROM "schema_migrations" ORDER BY "schema_migrations"."version" ASC[0m
Processing by SessionsController#new as HTML
  Rendering sessions/new.html.erb within layouts/application
  Rendered sessions/new.html.erb within layouts/application (19.2ms)
Completed 200 OK in 99ms (Views: 64.6ms | ActiveRecord: 0.0ms)


